<?xml version="1.0" encoding="UTF-8"?>
<!-- Generated by org.testng.reporters.JUnitReportReporter -->
<testsuite hostname="appls-MacBook-Pro.local" failures="0" tests="1" name="com.crm.qa.testCases.LoginPageTest" time="9.993" errors="0" timestamp="2020-04-18T03:58:36 IST" skipped="0">
  <testcase classname="com.crm.qa.testCases.LoginPageTest" name="loginTest" time="9.993"/>
  <system-out/>
</testsuite> <!-- com.crm.qa.testCases.LoginPageTest -->
