<?xml version="1.0" encoding="UTF-8"?>
<!-- Generated by org.testng.reporters.JUnitReportReporter -->
<testsuite hostname="appls-MacBook-Pro.local" failures="0" tests="1" name="com.assignment.qa.testcases.LoginPageTest" time="3.901" errors="0" timestamp="28 May 2020 21:32:13 GMT" skipped="0">
  <testcase classname="com.assignment.qa.testcases.LoginPageTest" name="loginTest" time="3.901"/>
</testsuite> <!-- com.assignment.qa.testcases.LoginPageTest -->
