<?xml version="1.0" encoding="UTF-8"?>
<!-- Generated by org.testng.reporters.JUnitReportReporter -->
<testsuite hostname="appls-MacBook-Pro.local" failures="0" tests="1" name="com.assignment.qa.testcases.WalletLoginPageTest" time="17.125" errors="0" timestamp="29 May 2020 00:06:15 GMT" skipped="0">
  <testcase classname="com.assignment.qa.testcases.WalletLoginPageTest" name="loginTest" time="17.125"/>
</testsuite> <!-- com.assignment.qa.testcases.WalletLoginPageTest -->
