<?xml version="1.0" encoding="UTF-8"?>
<!-- Generated by org.testng.reporters.JUnitReportReporter -->
<testsuite hostname="appls-MacBook-Pro.local" failures="0" tests="2" name="com.assignment.qa.testcases.LoginPageTest" time="8.343" errors="0" timestamp="27 May 2020 18:04:45 GMT" skipped="0">
  <testcase classname="com.assignment.qa.testcases.LoginPageTest" name="loginTest" time="5.937"/>
  <testcase classname="com.assignment.qa.testcases.LoginPageTest" name="tearDown" time="2.406"/>
</testsuite> <!-- com.assignment.qa.testcases.LoginPageTest -->
